<?xml version="1.0" encoding="UTF-8"?>
<testsuite xmlns:xsi="http://www.w3.org/2001/XMLSchema-instance" xsi:noNamespaceSchemaLocation="https://maven.apache.org/surefire/maven-surefire-plugin/xsd/surefire-test-report-3.0.xsd" version="3.0" name="com.docker_assignment.DockerAssignmentApplicationTests" time="2.976" tests="1" errors="0" skipped="0" failures="0">
  <properties>
[...]
</properties>
  <testcase name="contextLoads" classname="com.docker_assignment.DockerAssignmentApplicationTests" time="1.084">
    <system-out><![CDATA[15:13:29.921 [main] INFO org.springframework.test.context.support.AnnotationConfigContextLoaderUtils -- Could not detect default configuration classes for test class [com.docker_assignment.DockerAssignmentApplicationTests]: DockerAssignmentApplicationTests does not declare any static, non-private, non-final, nested classes annotated with @Configuration.
15:13:30.028 [main] INFO org.springframework.boot.test.context.SpringBootTestContextBootstrapper -- Found @SpringBootConfiguration com.docker_assignment.DockerAssignmentApplication for test class com.docker_assignment.DockerAssignmentApplicationTests

  .   ____          _            __ _ _
 /\\ / ___'_ __ _ _(_)_ __  __ _ \ \ \ \
( ( )\___ | '_ | '_| | '_ \/ _` | \ \ \ \
 \\/  ___)| |_)| | | | | || (_| |  ) ) ) )
  '  |____| .__|_| |_|_| |_\__, | / / / /
 =========|_|==============|___/=/_/_/_/

 :: Spring Boot ::                (v3.3.1)

2024-07-08T15:13:30.441+05:30  INFO 22412 --- [docker-assignment] [           main] c.d.DockerAssignmentApplicationTests     : Starting DockerAssignmentApplicationTests using Java 17.0.1 with PID 22412 (started by rehankhan in D:\Nagarro_Docker&K8-Assignment\docker-assignment)
2024-07-08T15:13:30.443+05:30  INFO 22412 --- [docker-assignment] [           main] c.d.DockerAssignmentApplicationTests     : No active profile set, falling back to 1 default profile: "default"
2024-07-08T15:13:31.633+05:30  INFO 22412 --- [docker-assignment] [           main] c.d.DockerAssignmentApplicationTests     : Started DockerAssignmentApplicationTests in 1.456 seconds (process running for 2.633)
]]></system-out>
  </testcase>
</testsuite>